<?xml version="1.0" encoding="UTF-8"?>
<!-- Generated by org.testng.reporters.JUnitReportReporter -->
<testsuite hostname="BLT0007-PC" name="Project.Mobile" tests="1" failures="0" timestamp="7 May 2016 10:04:36 GMT" time="16.831" errors="0">
  <testcase name="ScrollToTab" time="16.831" classname="Project.Mobile"/>
</testsuite> <!-- Project.Mobile -->
